j:\实验室项目\研一\testregister\qtguiapplication3\qtguiapplication3\x64\debug\md5encode.obj
j:\实验室项目\研一\testregister\qtguiapplication3\qtguiapplication3\x64\debug\vc140.pdb
j:\实验室项目\研一\testregister\qtguiapplication3\qtguiapplication3\x64\debug\qrc_qtguiapplication3.obj
j:\实验室项目\研一\testregister\qtguiapplication3\qtguiapplication3\x64\debug\main.obj
j:\实验室项目\研一\testregister\qtguiapplication3\qtguiapplication3\x64\debug\moc_qtguiapplication3.obj
j:\实验室项目\研一\testregister\qtguiapplication3\qtguiapplication3\x64\debug\qtguiapplication3.obj
j:\实验室项目\研一\testregister\qtguiapplication3\qtguiapplication3\generatedfiles\ui_qtguiapplication3.h
j:\实验室项目\研一\testregister\qtguiapplication3\qtguiapplication3\generatedfiles\qrc_qtguiapplication3.cpp
j:\实验室项目\研一\testregister\qtguiapplication3\qtguiapplication3\generatedfiles\debug\moc_qtguiapplication3.cpp
j:\实验室项目\研一\testregister\qtguiapplication3\x64\debug\qtguiapplication3.pdb
j:\实验室项目\研一\testregister\qtguiapplication3\qtguiapplication3\x64\debug\qtguiapp.b12702ad.tlog\cl.command.1.tlog
j:\实验室项目\研一\testregister\qtguiapplication3\qtguiapplication3\x64\debug\qtguiapp.b12702ad.tlog\cl.read.1.tlog
j:\实验室项目\研一\testregister\qtguiapplication3\qtguiapplication3\x64\debug\qtguiapp.b12702ad.tlog\cl.write.1.tlog
j:\实验室项目\研一\testregister\qtguiapplication3\qtguiapplication3\x64\debug\qtguiapp.b12702ad.tlog\custombuild.command.1.tlog
j:\实验室项目\研一\testregister\qtguiapplication3\qtguiapplication3\x64\debug\qtguiapp.b12702ad.tlog\custombuild.read.1.tlog
j:\实验室项目\研一\testregister\qtguiapplication3\qtguiapplication3\x64\debug\qtguiapp.b12702ad.tlog\custombuild.write.1.tlog
j:\实验室项目\研一\testregister\qtguiapplication3\qtguiapplication3\x64\debug\qtguiapp.b12702ad.tlog\link-cvtres.read.1.tlog
j:\实验室项目\研一\testregister\qtguiapplication3\qtguiapplication3\x64\debug\qtguiapp.b12702ad.tlog\link-cvtres.write.1.tlog
j:\实验室项目\研一\testregister\qtguiapplication3\qtguiapplication3\x64\debug\qtguiapp.b12702ad.tlog\link-rc.read.1.tlog
j:\实验室项目\研一\testregister\qtguiapplication3\qtguiapplication3\x64\debug\qtguiapp.b12702ad.tlog\link-rc.write.1.tlog
j:\实验室项目\研一\testregister\qtguiapplication3\qtguiapplication3\x64\debug\qtguiapp.b12702ad.tlog\link.command.1.tlog
j:\实验室项目\研一\testregister\qtguiapplication3\qtguiapplication3\x64\debug\qtguiapp.b12702ad.tlog\link.read.1.tlog
j:\实验室项目\研一\testregister\qtguiapplication3\qtguiapplication3\x64\debug\qtguiapp.b12702ad.tlog\link.write.1.tlog
